<?xml version="1.0" encoding="UTF-8"?>
<!-- Generated by org.testng.reporters.JUnitXMLReporter -->
<testsuite ignored="0" hostname="Friday" failures="0" tests="3" name="Default test" time="7.222" errors="0" timestamp="2024-06-21T01:48:29 IST">
  <testcase classname="api.testcase.DDtest" name="testPostuser" time="3.136"/>
  <testcase classname="api.testcase.DDtest" name="testPostuser" time="1.135"/>
  <testcase classname="api.testcase.DDtest" name="testPostuser" time="1.182"/>
</testsuite> <!-- Default test -->
