<?xml version="1.0" encoding="UTF-8"?>
<!-- Generated by org.testng.reporters.JUnitXMLReporter -->
<testsuite ignored="0" hostname="Friday" failures="0" tests="10" name="Test" time="16.762" errors="0" timestamp="2024-06-21T01:52:14 IST">
  <testcase classname="api.testcase.DDtest" name="testPostuser" time="2.996"/>
  <testcase classname="api.testcase.DDtest" name="testPostuser" time="1.205"/>
  <testcase classname="api.testcase.DDtest" name="testPostuser" time="1.18"/>
  <testcase classname="api.testcase.DDtest" name="testDeleteUserByName" time="1.229"/>
  <testcase classname="api.testcase.DDtest" name="testDeleteUserByName" time="1.147"/>
  <testcase classname="api.testcase.DDtest" name="testDeleteUserByName" time="1.19"/>
  <testcase classname="api.testcase.UserTestcases" name="testPostUser" time="1.144"/>
  <testcase classname="api.testcase.UserTestcases" name="testGetUserByname" time="1.186"/>
  <testcase classname="api.testcase.UserTestcases" name="testupdateUser" time="2.342"/>
  <testcase classname="api.testcase.UserTestcases" name="testDeleteUser" time="1.139"/>
</testsuite> <!-- Test -->
