<?xml version="1.0" encoding="UTF-8"?>
<!-- Generated by org.testng.reporters.JUnitXMLReporter -->
<testsuite ignored="0" hostname="Friday" failures="0" tests="10" name="Test" time="18.044" errors="0" timestamp="2024-06-22T13:07:42 IST">
  <testcase classname="api.testcase.DDtest" name="testPostuser" time="3.537"/>
  <testcase classname="api.testcase.DDtest" name="testPostuser" time="1.244"/>
  <testcase classname="api.testcase.DDtest" name="testPostuser" time="1.175"/>
  <testcase classname="api.testcase.DDtest" name="testDeleteUserByName" time="1.195"/>
  <testcase classname="api.testcase.DDtest" name="testDeleteUserByName" time="1.179"/>
  <testcase classname="api.testcase.DDtest" name="testDeleteUserByName" time="1.22"/>
  <testcase classname="api.testcase.UserTestcases" name="testPostUser" time="1.199"/>
  <testcase classname="api.testcase.UserTestcases" name="testGetUserByname" time="1.218"/>
  <testcase classname="api.testcase.UserTestcases" name="testupdateUser" time="2.37"/>
  <testcase classname="api.testcase.UserTestcases" name="testDeleteUser" time="1.193"/>
</testsuite> <!-- Test -->
