<?xml version="1.0" encoding="UTF-8"?>
<testng-results ignored="0" total="10" passed="10" failed="0" skipped="0">
  <reporter-output>
  </reporter-output>
  <suite started-at="2024-06-22T13:07:24 IST" name="Suite" finished-at="2024-06-22T13:07:42 IST" duration-ms="18044">
    <groups>
    </groups>
    <test started-at="2024-06-22T13:07:24 IST" name="Test" finished-at="2024-06-22T13:07:42 IST" duration-ms="18044">
      <class name="api.testcase.DDtest">
        <test-method signature="testPostuser(java.lang.String,java.lang.String,java.lang.String,java.lang.String,java.lang.String,java.lang.String,java.lang.String)[pri:1, instance:api.testcase.DDtest@209da20d]" started-at="2024-06-22T13:07:26 IST" name="testPostuser" data-provider="Data" finished-at="2024-06-22T13:07:30 IST" duration-ms="3537" status="PASS">
          <params>
            <param index="0">
              <value>
                <![CDATA[1010]]>
              </value>
            </param>
            <param index="1">
              <value>
                <![CDATA[testuser1]]>
              </value>
            </param>
            <param index="2">
              <value>
                <![CDATA[John]]>
              </value>
            </param>
            <param index="3">
              <value>
                <![CDATA[Canedy]]>
              </value>
            </param>
            <param index="4">
              <value>
                <![CDATA[a@gmail.com]]>
              </value>
            </param>
            <param index="5">
              <value>
                <![CDATA[test@1]]>
              </value>
            </param>
            <param index="6">
              <value>
                <![CDATA[1234567897]]>
              </value>
            </param>
          </params>
          <reporter-output>
          </reporter-output>
        </test-method> <!-- testPostuser -->
        <test-method signature="testPostuser(java.lang.String,java.lang.String,java.lang.String,java.lang.String,java.lang.String,java.lang.String,java.lang.String)[pri:1, instance:api.testcase.DDtest@209da20d]" started-at="2024-06-22T13:07:30 IST" name="testPostuser" data-provider="Data" finished-at="2024-06-22T13:07:31 IST" duration-ms="1244" status="PASS">
          <params>
            <param index="0">
              <value>
                <![CDATA[1020]]>
              </value>
            </param>
            <param index="1">
              <value>
                <![CDATA[testuser2]]>
              </value>
            </param>
            <param index="2">
              <value>
                <![CDATA[Kim]]>
              </value>
            </param>
            <param index="3">
              <value>
                <![CDATA[Kom]]>
              </value>
            </param>
            <param index="4">
              <value>
                <![CDATA[b@gmail.com]]>
              </value>
            </param>
            <param index="5">
              <value>
                <![CDATA[test@2]]>
              </value>
            </param>
            <param index="6">
              <value>
                <![CDATA[1234567897]]>
              </value>
            </param>
          </params>
          <reporter-output>
          </reporter-output>
        </test-method> <!-- testPostuser -->
        <test-method signature="testPostuser(java.lang.String,java.lang.String,java.lang.String,java.lang.String,java.lang.String,java.lang.String,java.lang.String)[pri:1, instance:api.testcase.DDtest@209da20d]" started-at="2024-06-22T13:07:31 IST" name="testPostuser" data-provider="Data" finished-at="2024-06-22T13:07:32 IST" duration-ms="1175" status="PASS">
          <params>
            <param index="0">
              <value>
                <![CDATA[1030]]>
              </value>
            </param>
            <param index="1">
              <value>
                <![CDATA[testuser3]]>
              </value>
            </param>
            <param index="2">
              <value>
                <![CDATA[Smith]]>
              </value>
            </param>
            <param index="3">
              <value>
                <![CDATA[Steve]]>
              </value>
            </param>
            <param index="4">
              <value>
                <![CDATA[c@gmail.com]]>
              </value>
            </param>
            <param index="5">
              <value>
                <![CDATA[test@3]]>
              </value>
            </param>
            <param index="6">
              <value>
                <![CDATA[1234567897]]>
              </value>
            </param>
          </params>
          <reporter-output>
          </reporter-output>
        </test-method> <!-- testPostuser -->
        <test-method signature="testDeleteUserByName(java.lang.String)[pri:2, instance:api.testcase.DDtest@209da20d]" started-at="2024-06-22T13:07:32 IST" name="testDeleteUserByName" data-provider="UserNames" finished-at="2024-06-22T13:07:33 IST" duration-ms="1195" status="PASS">
          <params>
            <param index="0">
              <value>
                <![CDATA[testuser1]]>
              </value>
            </param>
          </params>
          <reporter-output>
          </reporter-output>
        </test-method> <!-- testDeleteUserByName -->
        <test-method signature="testDeleteUserByName(java.lang.String)[pri:2, instance:api.testcase.DDtest@209da20d]" started-at="2024-06-22T13:07:33 IST" name="testDeleteUserByName" data-provider="UserNames" finished-at="2024-06-22T13:07:34 IST" duration-ms="1179" status="PASS">
          <params>
            <param index="0">
              <value>
                <![CDATA[testuser2]]>
              </value>
            </param>
          </params>
          <reporter-output>
          </reporter-output>
        </test-method> <!-- testDeleteUserByName -->
        <test-method signature="testDeleteUserByName(java.lang.String)[pri:2, instance:api.testcase.DDtest@209da20d]" started-at="2024-06-22T13:07:34 IST" name="testDeleteUserByName" data-provider="UserNames" finished-at="2024-06-22T13:07:36 IST" duration-ms="1220" status="PASS">
          <params>
            <param index="0">
              <value>
                <![CDATA[testuser3]]>
              </value>
            </param>
          </params>
          <reporter-output>
          </reporter-output>
        </test-method> <!-- testDeleteUserByName -->
      </class> <!-- api.testcase.DDtest -->
      <class name="api.testcase.UserTestcases">
        <test-method is-config="true" signature="setup()[pri:0, instance:api.testcase.UserTestcases@2dc54ad4]" started-at="2024-06-22T13:07:36 IST" name="setup" finished-at="2024-06-22T13:07:36 IST" duration-ms="171" status="PASS">
          <reporter-output>
          </reporter-output>
        </test-method> <!-- setup -->
        <test-method signature="testPostUser()[pri:1, instance:api.testcase.UserTestcases@2dc54ad4]" started-at="2024-06-22T13:07:36 IST" name="testPostUser" finished-at="2024-06-22T13:07:37 IST" duration-ms="1199" status="PASS">
          <reporter-output>
          </reporter-output>
        </test-method> <!-- testPostUser -->
        <test-method signature="testGetUserByname()[pri:2, instance:api.testcase.UserTestcases@2dc54ad4]" started-at="2024-06-22T13:07:37 IST" name="testGetUserByname" finished-at="2024-06-22T13:07:38 IST" duration-ms="1218" status="PASS">
          <reporter-output>
          </reporter-output>
        </test-method> <!-- testGetUserByname -->
        <test-method signature="testupdateUser()[pri:3, instance:api.testcase.UserTestcases@2dc54ad4]" started-at="2024-06-22T13:07:38 IST" name="testupdateUser" finished-at="2024-06-22T13:07:41 IST" duration-ms="2370" status="PASS">
          <reporter-output>
          </reporter-output>
        </test-method> <!-- testupdateUser -->
        <test-method signature="testDeleteUser()[pri:4, instance:api.testcase.UserTestcases@2dc54ad4]" started-at="2024-06-22T13:07:41 IST" name="testDeleteUser" finished-at="2024-06-22T13:07:42 IST" duration-ms="1193" status="PASS">
          <reporter-output>
          </reporter-output>
        </test-method> <!-- testDeleteUser -->
      </class> <!-- api.testcase.UserTestcases -->
    </test> <!-- Test -->
  </suite> <!-- Suite -->
</testng-results>
